<?xml version="1.0" encoding="UTF-8"?>
<testng-results ignored="0" total="1" passed="1" failed="0" skipped="0">
  <reporter-output>
  </reporter-output>
  <suite started-at="2019-04-01T10:34:58Z" name="Default suite" finished-at="2019-04-01T10:35:19Z" duration-ms="21199">
    <groups>
    </groups>
    <test started-at="2019-04-01T10:34:58Z" name="Default test" finished-at="2019-04-01T10:35:19Z" duration-ms="21199">
      <class name="com.otelz.searchTest">
        <test-method signature="Test()[pri:0, instance:com.otelz.searchTest@13b6aecc]" started-at="2019-04-01T10:34:58Z" name="Test" finished-at="2019-04-01T10:35:19Z" duration-ms="21164" status="PASS">
          <reporter-output>
          </reporter-output>
        </test-method> <!-- Test -->
      </class> <!-- com.otelz.searchTest -->
    </test> <!-- Default test -->
  </suite> <!-- Default suite -->
</testng-results>
